TN:
SF:src\prisma.ts
FNF:0
FNH:0
DA:2,1
DA:4,1
DA:8,1
LF:3
LH:3
BRF:0
BRH:0
end_of_record
TN:
SF:src\routes.ts
FN:47,(anonymous_8)
FN:256,(anonymous_9)
FN:340,(anonymous_10)
FN:1080,(anonymous_11)
FN:1080,(anonymous_12)
FN:1089,(anonymous_13)
FN:1089,(anonymous_14)
FN:1100,(anonymous_15)
FN:1100,(anonymous_16)
FN:1109,(anonymous_17)
FN:1109,(anonymous_18)
FN:1118,(anonymous_19)
FN:1118,(anonymous_20)
FN:1127,(anonymous_21)
FN:1127,(anonymous_22)
FN:1136,(anonymous_23)
FN:1136,(anonymous_24)
FN:1145,(anonymous_25)
FN:1145,(anonymous_26)
FN:1156,(anonymous_27)
FN:1156,(anonymous_28)
FN:1179,(anonymous_29)
FN:1179,(anonymous_30)
FN:1188,(anonymous_31)
FN:1188,(anonymous_32)
FNF:25
FNH:0
FNDA:0,(anonymous_8)
FNDA:0,(anonymous_9)
FNDA:0,(anonymous_10)
FNDA:0,(anonymous_11)
FNDA:0,(anonymous_12)
FNDA:0,(anonymous_13)
FNDA:0,(anonymous_14)
FNDA:0,(anonymous_15)
FNDA:0,(anonymous_16)
FNDA:0,(anonymous_17)
FNDA:0,(anonymous_18)
FNDA:0,(anonymous_19)
FNDA:0,(anonymous_20)
FNDA:0,(anonymous_21)
FNDA:0,(anonymous_22)
FNDA:0,(anonymous_23)
FNDA:0,(anonymous_24)
FNDA:0,(anonymous_25)
FNDA:0,(anonymous_26)
FNDA:0,(anonymous_27)
FNDA:0,(anonymous_28)
FNDA:0,(anonymous_29)
FNDA:0,(anonymous_30)
FNDA:0,(anonymous_31)
FNDA:0,(anonymous_32)
DA:1,0
DA:2,0
DA:4,0
DA:27,0
DA:28,0
DA:30,0
DA:31,0
DA:32,0
DA:41,0
DA:47,0
DA:48,0
DA:62,0
DA:256,0
DA:258,0
DA:259,0
DA:260,0
DA:263,0
DA:264,0
DA:266,0
DA:267,0
DA:277,0
DA:280,0
DA:340,0
DA:341,0
DA:351,0
DA:355,0
DA:356,0
DA:357,0
DA:358,0
DA:359,0
DA:360,0
DA:632,0
DA:633,0
DA:634,0
DA:635,0
DA:788,0
DA:789,0
DA:790,0
DA:791,0
DA:1036,0
DA:1041,0
DA:1046,0
DA:1051,0
DA:1056,0
DA:1063,0
DA:1068,0
DA:1075,0
DA:1080,0
DA:1081,0
DA:1082,0
DA:1084,0
DA:1089,0
DA:1090,0
DA:1091,0
DA:1093,0
DA:1100,0
DA:1101,0
DA:1102,0
DA:1104,0
DA:1109,0
DA:1110,0
DA:1111,0
DA:1113,0
DA:1118,0
DA:1119,0
DA:1120,0
DA:1122,0
DA:1127,0
DA:1128,0
DA:1129,0
DA:1131,0
DA:1136,0
DA:1137,0
DA:1138,0
DA:1140,0
DA:1145,0
DA:1146,0
DA:1147,0
DA:1149,0
DA:1156,0
DA:1157,0
DA:1159,0
DA:1160,0
DA:1161,0
DA:1165,0
DA:1169,0
DA:1170,0
DA:1172,0
DA:1174,0
DA:1179,0
DA:1180,0
DA:1181,0
DA:1183,0
DA:1188,0
DA:1189,0
DA:1190,0
DA:1192,0
DA:1193,0
DA:1194,0
DA:1195,0
DA:1196,0
DA:1197,0
DA:1198,0
DA:1199,0
DA:1201,0
DA:1207,0
DA:1213,0
LF:107
LH:0
BRDA:53,0,0,0
BRDA:53,0,1,0
BRDA:54,1,0,0
BRDA:54,1,1,0
BRDA:258,2,0,0
BRDA:258,2,1,0
BRDA:264,3,0,0
BRDA:264,3,1,0
BRDA:264,4,0,0
BRDA:264,4,1,0
BRDA:266,5,0,0
BRDA:266,5,1,0
BRDA:266,6,0,0
BRDA:266,6,1,0
BRDA:1160,7,0,0
BRDA:1160,7,1,0
BRDA:1192,8,0,0
BRDA:1192,8,1,0
BRDA:1196,9,0,0
BRDA:1196,9,1,0
BRF:20
BRH:0
end_of_record
TN:
SF:src\swagger.ts
FN:280,setupSwagger
FN:287,(anonymous_2)
FNF:2
FNH:0
FNDA:0,setupSwagger
FNDA:0,(anonymous_2)
DA:1,0
DA:2,0
DA:11,0
DA:216,0
DA:220,0
DA:225,0
DA:247,0
DA:248,0
DA:262,0
DA:280,0
DA:281,0
DA:283,0
DA:284,0
DA:287,0
DA:288,0
DA:289,0
DA:293,0
DA:299,0
DA:300,0
DA:301,0
DA:303,0
DA:307,0
LF:22
LH:0
BRDA:220,0,0,0
BRDA:220,0,1,0
BRDA:247,1,0,0
BRDA:247,1,1,0
BRDA:284,2,0,0
BRDA:284,2,1,0
BRF:6
BRH:0
end_of_record
TN:
SF:src\controllers\auth-controller.ts
FN:14,(anonymous_8)
FN:18,(anonymous_9)
FN:43,(anonymous_10)
FN:47,(anonymous_11)
FN:71,(anonymous_12)
FN:79,(anonymous_13)
FN:83,(anonymous_14)
FNF:7
FNH:0
FNDA:0,(anonymous_8)
FNDA:0,(anonymous_9)
FNDA:0,(anonymous_10)
FNDA:0,(anonymous_11)
FNDA:0,(anonymous_12)
FNDA:0,(anonymous_13)
FNDA:0,(anonymous_14)
DA:2,0
DA:3,0
DA:14,0
DA:18,0
DA:19,0
DA:21,0
DA:24,0
DA:25,0
DA:31,0
DA:34,0
DA:38,0
DA:39,0
DA:43,0
DA:47,0
DA:48,0
DA:50,0
DA:51,0
DA:52,0
DA:57,0
DA:60,0
DA:62,0
DA:64,0
DA:66,0
DA:67,0
DA:71,0
DA:72,0
DA:74,0
DA:76,0
DA:79,0
DA:83,0
DA:84,0
DA:86,0
DA:88,0
LF:33
LH:0
BRDA:24,0,0,0
BRDA:24,0,1,0
BRDA:24,1,0,0
BRDA:24,1,1,0
BRDA:51,2,0,0
BRDA:51,2,1,0
BRDA:51,3,0,0
BRDA:51,3,1,0
BRDA:72,4,0,0
BRDA:72,4,1,0
BRF:10
BRH:0
end_of_record
TN:
SF:src\controllers\avaliacao-controller.ts
FN:11,(anonymous_0)
FNF:1
FNH:1
FNDA:12,(anonymous_0)
DA:3,2
DA:5,2
DA:11,2
DA:16,12
DA:18,12
DA:20,12
DA:21,3
DA:27,9
DA:28,2
DA:35,7
DA:36,7
DA:39,0
DA:44,0
DA:49,0
LF:14
LH:11
BRDA:20,0,0,3
BRDA:20,0,1,9
BRDA:20,1,0,12
BRDA:20,1,1,12
BRDA:20,1,2,10
BRDA:20,1,3,10
BRDA:27,2,0,2
BRDA:27,2,1,7
BRDA:27,3,0,9
BRDA:27,3,1,7
BRDA:27,3,2,7
BRDA:39,4,0,0
BRDA:39,4,1,0
BRDA:39,5,0,0
BRDA:39,5,1,0
BRDA:39,5,2,0
BRDA:39,5,3,0
BRF:17
BRH:11
end_of_record
TN:
SF:src\controllers\avaliarCA-controller.ts
FN:10,avaliarCAController
FNF:1
FNH:0
FNDA:0,avaliarCAController
DA:2,0
DA:3,0
DA:10,0
DA:11,0
DA:12,0
DA:13,0
DA:17,0
DA:25,0
DA:26,0
DA:28,0
LF:10
LH:0
BRDA:13,0,0,0
BRDA:13,0,1,0
BRDA:14,1,0,0
BRDA:14,1,1,0
BRDA:14,1,2,0
BRF:5
BRH:0
end_of_record
TN:
SF:src\controllers\dobras-cutaneas-controller.ts
FN:16,(anonymous_7)
FN:20,(anonymous_8)
FN:43,(anonymous_9)
FN:47,(anonymous_10)
FN:67,(anonymous_11)
FN:71,(anonymous_12)
FN:92,(anonymous_13)
FN:96,(anonymous_14)
FN:123,(anonymous_15)
FN:145,(anonymous_16)
FN:149,(anonymous_17)
FNF:11
FNH:0
FNDA:0,(anonymous_7)
FNDA:0,(anonymous_8)
FNDA:0,(anonymous_9)
FNDA:0,(anonymous_10)
FNDA:0,(anonymous_11)
FNDA:0,(anonymous_12)
FNDA:0,(anonymous_13)
FNDA:0,(anonymous_14)
FNDA:0,(anonymous_15)
FNDA:0,(anonymous_16)
FNDA:0,(anonymous_17)
DA:7,0
DA:10,0
DA:16,0
DA:20,0
DA:21,0
DA:22,0
DA:25,0
DA:27,0
DA:29,0
DA:35,0
DA:43,0
DA:47,0
DA:48,0
DA:49,0
DA:51,0
DA:53,0
DA:59,0
DA:67,0
DA:71,0
DA:72,0
DA:73,0
DA:75,0
DA:77,0
DA:84,0
DA:92,0
DA:96,0
DA:97,0
DA:98,0
DA:100,0
DA:102,0
DA:103,0
DA:109,0
DA:115,0
DA:123,0
DA:128,0
DA:129,0
DA:131,0
DA:137,0
DA:145,0
DA:149,0
DA:150,0
DA:151,0
DA:154,0
DA:155,0
DA:157,0
DA:163,0
DA:171,0
LF:47
LH:0
BRDA:25,0,0,0
BRDA:25,0,1,0
BRDA:25,1,0,0
BRDA:25,1,1,0
BRDA:102,2,0,0
BRDA:102,2,1,0
BRF:6
BRH:0
end_of_record
TN:
SF:src\controllers\imc-controller.ts
FN:12,calcularImcController
FNF:1
FNH:0
FNDA:0,calcularImcController
DA:3,0
DA:5,0
DA:12,0
DA:13,0
DA:14,0
DA:15,0
DA:16,0
DA:18,0
DA:19,0
DA:21,0
LF:10
LH:0
BRDA:15,0,0,0
BRDA:15,0,1,0
BRDA:15,1,0,0
BRDA:15,1,1,0
BRF:4
BRH:0
end_of_record
TN:
SF:src\controllers\users-controller.ts
FN:14,getUser
FN:24,getUserById
FN:44,(anonymous_11)
FN:48,(anonymous_12)
FN:68,(anonymous_13)
FN:72,(anonymous_14)
FN:84,getUserStudents
FN:99,addStudentToUser
FN:114,updateUserStudent
FN:134,removeStudentFromUser
FN:151,getUserGroups
FN:166,createUserGroup
FN:181,updateUserGroup
FN:197,deleteUserGroup
FN:213,getProfessores
FN:227,getProfessorById
FN:242,getAlunoAvaliacaoValida
FN:259,listarAvaliacoesAluno
FN:274,cadastrarAvaliacaoAluno
FN:295,aprovarAvaliacaoAluno
FN:312,reprovarAvaliacaoAluno
FN:329,getProximaAvaliacaoAluno
FN:349,getEvolucaoFisica
FNF:23
FNH:0
FNDA:0,getUser
FNDA:0,getUserById
FNDA:0,(anonymous_11)
FNDA:0,(anonymous_12)
FNDA:0,(anonymous_13)
FNDA:0,(anonymous_14)
FNDA:0,getUserStudents
FNDA:0,addStudentToUser
FNDA:0,updateUserStudent
FNDA:0,removeStudentFromUser
FNDA:0,getUserGroups
FNDA:0,createUserGroup
FNDA:0,updateUserGroup
FNDA:0,deleteUserGroup
FNDA:0,getProfessores
FNDA:0,getProfessorById
FNDA:0,getAlunoAvaliacaoValida
FNDA:0,listarAvaliacoesAluno
FNDA:0,cadastrarAvaliacaoAluno
FNDA:0,aprovarAvaliacaoAluno
FNDA:0,reprovarAvaliacaoAluno
FNDA:0,getProximaAvaliacaoAluno
FNDA:0,getEvolucaoFisica
DA:2,0
DA:3,0
DA:12,0
DA:14,0
DA:15,0
DA:16,0
DA:17,0
DA:18,0
DA:20,0
DA:24,0
DA:29,0
DA:30,0
DA:31,0
DA:32,0
DA:33,0
DA:34,0
DA:35,0
DA:37,0
DA:38,0
DA:40,0
DA:44,0
DA:48,0
DA:49,0
DA:50,0
DA:53,0
DA:55,0
DA:56,0
DA:57,0
DA:58,0
DA:61,0
DA:62,0
DA:64,0
DA:68,0
DA:72,0
DA:73,0
DA:74,0
DA:75,0
DA:76,0
DA:77,0
DA:79,0
DA:84,0
DA:89,0
DA:90,0
DA:91,0
DA:92,0
DA:93,0
DA:95,0
DA:99,0
DA:104,0
DA:105,0
DA:106,0
DA:107,0
DA:108,0
DA:110,0
DA:114,0
DA:119,0
DA:120,0
DA:121,0
DA:122,0
DA:127,0
DA:128,0
DA:130,0
DA:134,0
DA:139,0
DA:140,0
DA:141,0
DA:142,0
DA:143,0
DA:144,0
DA:146,0
DA:151,0
DA:156,0
DA:157,0
DA:158,0
DA:159,0
DA:160,0
DA:162,0
DA:166,0
DA:171,0
DA:172,0
DA:173,0
DA:174,0
DA:175,0
DA:177,0
DA:181,0
DA:186,0
DA:187,0
DA:188,0
DA:189,0
DA:190,0
DA:191,0
DA:193,0
DA:197,0
DA:202,0
DA:203,0
DA:204,0
DA:205,0
DA:206,0
DA:207,0
DA:209,0
DA:213,0
DA:218,0
DA:219,0
DA:220,0
DA:221,0
DA:223,0
DA:227,0
DA:232,0
DA:233,0
DA:234,0
DA:235,0
DA:236,0
DA:238,0
DA:242,0
DA:247,0
DA:248,0
DA:249,0
DA:252,0
DA:253,0
DA:255,0
DA:259,0
DA:264,0
DA:265,0
DA:266,0
DA:267,0
DA:268,0
DA:270,0
DA:274,0
DA:279,0
DA:280,0
DA:281,0
DA:284,0
DA:288,0
DA:289,0
DA:291,0
DA:295,0
DA:300,0
DA:301,0
DA:302,0
DA:304,0
DA:305,0
DA:306,0
DA:308,0
DA:312,0
DA:317,0
DA:318,0
DA:319,0
DA:321,0
DA:322,0
DA:323,0
DA:325,0
DA:329,0
DA:334,0
DA:335,0
DA:336,0
DA:337,0
DA:338,0
DA:339,0
DA:340,0
DA:342,0
DA:343,0
DA:345,0
DA:349,0
DA:354,0
DA:355,0
DA:356,0
DA:357,0
DA:358,0
DA:361,0
DA:362,0
DA:364,0
DA:365,0
DA:367,0
LF:173
LH:0
BRDA:32,0,0,0
BRDA:32,0,1,0
BRDA:32,1,0,0
BRDA:32,1,1,0
BRDA:55,2,0,0
BRDA:55,2,1,0
BRDA:302,3,0,0
BRDA:337,4,0,0
BRDA:337,4,1,0
BRDA:357,5,0,0
BRDA:357,5,1,0
BRF:11
BRH:0
end_of_record
TN:
SF:src\middlewares\auth-middleware.ts
FN:9,authenticateUser
FNF:1
FNH:0
FNDA:0,authenticateUser
DA:2,0
DA:9,0
DA:14,0
DA:15,0
DA:20,0
DA:22,0
DA:23,0
DA:24,0
DA:27,0
DA:28,0
DA:30,0
DA:31,0
DA:32,0
DA:34,0
DA:35,0
DA:36,0
DA:37,0
DA:40,0
DA:41,0
DA:42,0
DA:45,0
DA:46,0
DA:48,0
DA:50,0
DA:51,0
DA:54,0
DA:56,0
DA:57,0
DA:58,0
DA:59,0
DA:61,0
DA:62,0
DA:65,0
DA:66,0
DA:70,0
LF:35
LH:0
BRDA:14,0,0,0
BRDA:14,0,1,0
BRDA:23,1,0,0
BRDA:23,1,1,0
BRDA:23,2,0,0
BRDA:23,2,1,0
BRDA:31,3,0,0
BRDA:31,3,1,0
BRDA:34,4,0,0
BRDA:34,4,1,0
BRDA:41,5,0,0
BRDA:41,5,1,0
BRDA:50,6,0,0
BRDA:50,6,1,0
BRDA:57,7,0,0
BRDA:57,7,1,0
BRDA:57,8,0,0
BRDA:57,8,1,0
BRDA:68,9,0,0
BRDA:68,9,1,0
BRF:20
BRH:0
end_of_record
TN:
SF:src\models\ca-model.ts
FNF:0
FNH:0
DA:1,0
DA:24,0
DA:39,0
LF:3
LH:0
BRF:0
BRH:0
end_of_record
TN:
SF:src\models\dobras-cutaneas-model.ts
FNF:0
FNH:0
DA:117,0
DA:123,0
LF:2
LH:0
BRF:0
BRH:0
end_of_record
TN:
SF:src\models\genero-model.ts
FN:4,(anonymous_0)
FN:12,isGenero
FNF:2
FNH:1
FNDA:7,(anonymous_0)
FNDA:0,isGenero
DA:4,7
DA:5,7
DA:6,7
DA:12,7
DA:13,0
LF:5
LH:4
BRDA:4,0,0,7
BRDA:4,0,1,7
BRDA:13,1,0,0
BRDA:13,1,1,0
BRF:4
BRH:2
end_of_record
TN:
SF:src\repositories\user-profile-repository.ts
FN:6,(anonymous_8)
FN:22,(anonymous_10)
FN:28,(anonymous_12)
FN:36,(anonymous_14)
FNF:4
FNH:0
FNDA:0,(anonymous_8)
FNDA:0,(anonymous_10)
FNDA:0,(anonymous_12)
FNDA:0,(anonymous_14)
DA:1,1
DA:4,1
DA:10,0
DA:23,0
DA:29,0
DA:37,0
LF:6
LH:2
BRDA:17,0,0,0
BRDA:17,0,1,0
BRDA:17,1,0,0
BRDA:17,1,1,0
BRF:4
BRH:0
end_of_record
TN:
SF:src\repositories\users-repository.ts
FN:6,(anonymous_8)
FN:9,(anonymous_9)
FN:18,(anonymous_11)
FN:28,(anonymous_13)
FN:43,(anonymous_15)
FN:47,(anonymous_17)
FN:51,(anonymous_19)
FN:55,(anonymous_21)
FN:61,(anonymous_23)
FN:73,(anonymous_25)
FN:89,(anonymous_27)
FN:99,(anonymous_29)
FN:106,(anonymous_31)
FN:119,(anonymous_33)
FN:129,(anonymous_35)
FN:140,(anonymous_37)
FN:147,(anonymous_39)
FN:168,(anonymous_41)
FN:177,(anonymous_43)
FN:187,(anonymous_45)
FN:193,(anonymous_47)
FN:202,(anonymous_49)
FN:217,(anonymous_51)
FN:226,(anonymous_53)
FN:252,(anonymous_55)
FN:264,(anonymous_57)
FN:271,(anonymous_59)
FN:284,(anonymous_61)
FN:296,(anonymous_63)
FN:314,(anonymous_65)
FN:329,(anonymous_67)
FN:337,findUserByEmail
FNF:32
FNH:0
FNDA:0,(anonymous_8)
FNDA:0,(anonymous_9)
FNDA:0,(anonymous_11)
FNDA:0,(anonymous_13)
FNDA:0,(anonymous_15)
FNDA:0,(anonymous_17)
FNDA:0,(anonymous_19)
FNDA:0,(anonymous_21)
FNDA:0,(anonymous_23)
FNDA:0,(anonymous_25)
FNDA:0,(anonymous_27)
FNDA:0,(anonymous_29)
FNDA:0,(anonymous_31)
FNDA:0,(anonymous_33)
FNDA:0,(anonymous_35)
FNDA:0,(anonymous_37)
FNDA:0,(anonymous_39)
FNDA:0,(anonymous_41)
FNDA:0,(anonymous_43)
FNDA:0,(anonymous_45)
FNDA:0,(anonymous_47)
FNDA:0,(anonymous_49)
FNDA:0,(anonymous_51)
FNDA:0,(anonymous_53)
FNDA:0,(anonymous_55)
FNDA:0,(anonymous_57)
FNDA:0,(anonymous_59)
FNDA:0,(anonymous_61)
FNDA:0,(anonymous_63)
FNDA:0,(anonymous_65)
FNDA:0,(anonymous_67)
FNDA:0,findUserByEmail
DA:2,1
DA:4,1
DA:7,0
DA:10,0
DA:19,0
DA:29,0
DA:44,0
DA:48,0
DA:52,0
DA:56,0
DA:65,0
DA:78,0
DA:90,0
DA:100,0
DA:107,0
DA:120,0
DA:130,0
DA:141,0
DA:148,0
DA:169,0
DA:178,0
DA:188,0
DA:194,0
DA:205,0
DA:218,0
DA:230,0
DA:231,0
DA:233,0
DA:243,0
DA:245,0
DA:247,0
DA:248,0
DA:253,0
DA:254,0
DA:261,0
DA:265,0
DA:272,0
DA:285,0
DA:298,0
DA:315,0
DA:330,0
DA:337,1
DA:339,0
DA:342,0
LF:44
LH:3
BRDA:208,0,0,0
BRDA:208,0,1,0
BRDA:210,1,0,0
BRDA:210,1,1,0
BRDA:278,2,0,0
BRDA:278,2,1,0
BRDA:279,3,0,0
BRDA:279,3,1,0
BRDA:279,4,0,0
BRDA:279,4,1,0
BRDA:289,5,0,0
BRDA:289,5,1,0
BRDA:342,6,0,0
BRDA:342,6,1,0
BRF:14
BRH:0
end_of_record
TN:
SF:src\services\auth-service.ts
FN:5,(anonymous_8)
FN:5,(anonymous_9)
FNF:2
FNH:0
FNDA:0,(anonymous_8)
FNDA:0,(anonymous_9)
DA:3,0
DA:5,0
DA:7,0
DA:9,0
DA:11,0
DA:20,0
LF:6
LH:0
BRDA:9,0,0,0
BRDA:9,0,1,0
BRDA:15,1,0,0
BRDA:15,1,1,0
BRF:4
BRH:0
end_of_record
TN:
SF:src\services\avaliacao-service.ts
FN:21,(anonymous_0)
FN:29,(anonymous_1)
FNF:2
FNH:2
FNDA:5,(anonymous_0)
FNDA:15,(anonymous_1)
DA:2,4
DA:16,4
DA:22,5
DA:30,15
LF:4
LH:4
BRF:0
BRH:0
end_of_record
TN:
SF:src\services\ca-service.ts
FN:14,(anonymous_7)
FNF:1
FNH:0
FNDA:0,(anonymous_7)
DA:1,0
DA:10,0
DA:17,0
DA:18,0
DA:20,0
DA:21,0
DA:22,0
DA:23,0
DA:24,0
DA:26,0
DA:27,0
DA:28,0
DA:31,0
LF:13
LH:0
BRDA:21,0,0,0
BRDA:21,0,1,0
BRDA:22,1,0,0
BRDA:22,1,1,0
BRDA:23,2,0,0
BRDA:23,2,1,0
BRDA:26,3,0,0
BRDA:26,3,1,0
BRDA:27,4,0,0
BRDA:27,4,1,0
BRF:10
BRH:0
end_of_record
TN:
SF:src\services\dobras-cutaneas-service.ts
FN:46,(anonymous_8)
FN:75,(anonymous_9)
FN:189,(anonymous_10)
FN:268,(anonymous_11)
FN:295,(anonymous_13)
FN:320,(anonymous_14)
FN:354,(anonymous_16)
FN:365,(anonymous_18)
FN:380,(anonymous_19)
FN:405,(anonymous_21)
FN:416,(anonymous_22)
FN:423,(anonymous_23)
FN:427,(anonymous_24)
FN:441,(anonymous_25)
FNF:14
FNH:0
FNDA:0,(anonymous_8)
FNDA:0,(anonymous_9)
FNDA:0,(anonymous_10)
FNDA:0,(anonymous_11)
FNDA:0,(anonymous_13)
FNDA:0,(anonymous_14)
FNDA:0,(anonymous_16)
FNDA:0,(anonymous_18)
FNDA:0,(anonymous_19)
FNDA:0,(anonymous_21)
FNDA:0,(anonymous_22)
FNDA:0,(anonymous_23)
FNDA:0,(anonymous_24)
FNDA:0,(anonymous_25)
DA:6,0
DA:39,0
DA:41,0
DA:47,0
DA:50,0
DA:51,0
DA:55,0
DA:56,0
DA:57,0
DA:62,0
DA:63,0
DA:64,0
DA:66,0
DA:67,0
DA:76,0
DA:77,0
DA:79,0
DA:80,0
DA:82,0
DA:89,0
DA:90,0
DA:91,0
DA:93,0
DA:96,0
DA:102,0
DA:103,0
DA:104,0
DA:106,0
DA:109,0
DA:115,0
DA:116,0
DA:117,0
DA:119,0
DA:122,0
DA:132,0
DA:133,0
DA:134,0
DA:136,0
DA:139,0
DA:151,0
DA:152,0
DA:153,0
DA:155,0
DA:158,0
DA:168,0
DA:169,0
DA:170,0
DA:172,0
DA:175,0
DA:176,0
DA:179,0
DA:180,0
DA:183,0
DA:196,0
DA:198,0
DA:204,0
DA:207,0
DA:212,0
DA:215,0
DA:220,0
DA:223,0
DA:232,0
DA:235,0
DA:246,0
DA:249,0
DA:258,0
DA:261,0
DA:269,0
DA:270,0
DA:273,0
DA:276,0
DA:277,0
DA:278,0
DA:282,0
DA:285,0
DA:295,0
DA:314,0
DA:322,0
DA:325,0
DA:326,0
DA:330,0
DA:339,0
DA:355,0
DA:365,0
DA:381,0
DA:388,0
DA:390,0
DA:406,0
DA:416,0
DA:417,0
DA:418,0
DA:419,0
DA:420,0
DA:423,0
DA:424,0
DA:427,0
DA:428,0
DA:441,0
DA:444,0
LF:99
LH:0
BRDA:50,0,0,0
BRDA:50,0,1,0
BRDA:50,1,0,0
BRDA:50,1,1,0
BRDA:50,1,2,0
BRDA:50,1,3,0
BRDA:55,2,0,0
BRDA:55,2,1,0
BRDA:55,3,0,0
BRDA:55,3,1,0
BRDA:56,4,0,0
BRDA:56,4,1,0
BRDA:56,5,0,0
BRDA:56,5,1,0
BRDA:62,6,0,0
BRDA:62,6,1,0
BRDA:63,7,0,0
BRDA:63,7,1,0
BRDA:63,8,0,0
BRDA:63,8,1,0
BRDA:66,9,0,0
BRDA:66,9,1,0
BRDA:66,10,0,0
BRDA:66,10,1,0
BRDA:80,11,0,0
BRDA:80,11,1,0
BRDA:80,11,2,0
BRDA:80,11,3,0
BRDA:80,11,4,0
BRDA:80,11,5,0
BRDA:80,11,6,0
BRDA:89,12,0,0
BRDA:89,12,1,0
BRDA:102,13,0,0
BRDA:102,13,1,0
BRDA:115,14,0,0
BRDA:115,14,1,0
BRDA:132,15,0,0
BRDA:132,15,1,0
BRDA:151,16,0,0
BRDA:151,16,1,0
BRDA:168,17,0,0
BRDA:168,17,1,0
BRDA:179,18,0,0
BRDA:179,18,1,0
BRDA:196,19,0,0
BRDA:196,19,1,0
BRDA:196,19,2,0
BRDA:196,19,3,0
BRDA:196,19,4,0
BRDA:196,19,5,0
BRDA:196,19,6,0
BRDA:277,20,0,0
BRDA:277,20,1,0
BRDA:295,21,0,0
BRDA:295,21,1,0
BRDA:325,22,0,0
BRDA:325,22,1,0
BRDA:388,23,0,0
BRDA:388,23,1,0
BRDA:417,24,0,0
BRDA:417,24,1,0
BRDA:418,25,0,0
BRDA:418,25,1,0
BRDA:419,26,0,0
BRDA:419,26,1,0
BRDA:441,27,0,0
BRDA:441,27,1,0
BRDA:451,28,0,0
BRDA:451,28,1,0
BRF:70
BRH:0
end_of_record
TN:
SF:src\services\imc-service.ts
FN:11,(anonymous_0)
FN:26,(anonymous_1)
FNF:2
FNH:0
FNDA:0,(anonymous_0)
FNDA:0,(anonymous_1)
DA:5,0
DA:12,0
DA:13,0
DA:15,0
DA:16,0
DA:17,0
DA:27,0
DA:28,0
DA:29,0
DA:30,0
DA:31,0
DA:32,0
LF:12
LH:0
BRDA:12,0,0,0
BRDA:12,0,1,0
BRDA:12,1,0,0
BRDA:12,1,1,0
BRDA:12,1,2,0
BRDA:27,2,0,0
BRDA:27,2,1,0
BRDA:28,3,0,0
BRDA:28,3,1,0
BRDA:29,4,0,0
BRDA:29,4,1,0
BRDA:30,5,0,0
BRDA:30,5,1,0
BRDA:31,6,0,0
BRDA:31,6,1,0
BRF:15
BRH:0
end_of_record
TN:
SF:src\services\rcq-service.ts
FN:17,(anonymous_0)
FN:49,classificarRCQ
FNF:2
FNH:1
FNDA:13,(anonymous_0)
FNDA:0,classificarRCQ
DA:13,6
DA:18,13
DA:19,13
DA:20,13
DA:21,13
DA:23,13
DA:24,13
DA:25,11
DA:26,0
DA:27,0
DA:28,11
DA:30,2
DA:31,2
DA:32,0
DA:33,0
DA:34,2
DA:37,0
DA:38,0
DA:41,13
DA:49,6
DA:50,0
DA:51,0
DA:54,0
DA:55,0
DA:56,0
DA:57,0
DA:60,0
DA:61,0
DA:62,0
DA:63,0
DA:66,0
LF:31
LH:14
BRDA:24,0,0,11
BRDA:24,0,1,2
BRDA:25,1,0,11
BRDA:25,1,1,0
BRDA:26,2,0,0
BRDA:26,2,1,0
BRDA:30,3,0,2
BRDA:30,3,1,0
BRDA:31,4,0,2
BRDA:31,4,1,0
BRDA:32,5,0,0
BRDA:32,5,1,0
BRDA:50,6,0,0
BRDA:50,6,1,0
BRDA:50,7,0,0
BRDA:50,7,1,0
BRDA:50,7,2,0
BRDA:54,8,0,0
BRDA:54,8,1,0
BRDA:55,9,0,0
BRDA:55,9,1,0
BRDA:56,10,0,0
BRDA:56,10,1,0
BRDA:56,11,0,0
BRDA:56,11,1,0
BRDA:60,12,0,0
BRDA:60,12,1,0
BRDA:61,13,0,0
BRDA:61,13,1,0
BRDA:62,14,0,0
BRDA:62,14,1,0
BRDA:62,15,0,0
BRDA:62,15,1,0
BRF:33
BRH:5
end_of_record
TN:
SF:src\services\users-service.ts
FN:15,handleServiceError
FN:26,(anonymous_18)
FN:30,(anonymous_19)
FN:42,(anonymous_21)
FN:45,(anonymous_23)
FN:59,(anonymous_24)
FN:73,(anonymous_26)
FN:81,(anonymous_28)
FN:85,(anonymous_30)
FN:89,(anonymous_32)
FN:121,(anonymous_34)
FN:124,(anonymous_36)
FN:133,(anonymous_37)
FN:144,(anonymous_39)
FN:153,(anonymous_41)
FN:156,(anonymous_43)
FN:173,(anonymous_44)
FN:176,(anonymous_46)
FN:192,(anonymous_47)
FN:195,(anonymous_48)
FN:198,(anonymous_49)
FN:201,(anonymous_50)
FN:223,(anonymous_52)
FN:226,(anonymous_53)
FN:230,(anonymous_54)
FN:238,(anonymous_56)
FN:246,(anonymous_58)
FN:272,(anonymous_60)
FN:331,(anonymous_61)
FN:362,(anonymous_62)
FN:367,(anonymous_64)
FN:403,(anonymous_66)
FN:428,(anonymous_67)
FN:466,getNumberProp
FN:471,isJsonObject
FN:521,(anonymous_71)
FN:528,(anonymous_72)
FN:538,(anonymous_73)
FN:551,(anonymous_75)
FN:570,(anonymous_77)
FNF:40
FNH:1
FNDA:0,handleServiceError
FNDA:2,(anonymous_18)
FNDA:0,(anonymous_19)
FNDA:0,(anonymous_21)
FNDA:0,(anonymous_23)
FNDA:0,(anonymous_24)
FNDA:0,(anonymous_26)
FNDA:0,(anonymous_28)
FNDA:0,(anonymous_30)
FNDA:0,(anonymous_32)
FNDA:0,(anonymous_34)
FNDA:0,(anonymous_36)
FNDA:0,(anonymous_37)
FNDA:0,(anonymous_39)
FNDA:0,(anonymous_41)
FNDA:0,(anonymous_43)
FNDA:0,(anonymous_44)
FNDA:0,(anonymous_46)
FNDA:0,(anonymous_47)
FNDA:0,(anonymous_48)
FNDA:0,(anonymous_49)
FNDA:0,(anonymous_50)
FNDA:0,(anonymous_52)
FNDA:0,(anonymous_53)
FNDA:0,(anonymous_54)
FNDA:0,(anonymous_56)
FNDA:0,(anonymous_58)
FNDA:0,(anonymous_60)
FNDA:0,(anonymous_61)
FNDA:0,(anonymous_62)
FNDA:0,(anonymous_64)
FNDA:0,(anonymous_66)
FNDA:0,(anonymous_67)
FNDA:0,getNumberProp
FNDA:0,isJsonObject
FNDA:0,(anonymous_71)
FNDA:0,(anonymous_72)
FNDA:0,(anonymous_73)
FNDA:0,(anonymous_75)
FNDA:0,(anonymous_77)
DA:1,1
DA:5,1
DA:7,1
DA:8,1
DA:9,1
DA:10,1
DA:11,1
DA:13,1
DA:16,0
DA:17,0
DA:21,1
DA:24,2
DA:27,2
DA:31,0
DA:32,0
DA:33,0
DA:39,0
DA:43,0
DA:44,0
DA:45,0
DA:55,0
DA:64,0
DA:65,0
DA:66,0
DA:68,0
DA:69,0
DA:74,0
DA:75,0
DA:77,0
DA:82,0
DA:86,0
DA:93,0
DA:94,0
DA:96,0
DA:98,0
DA:100,0
DA:112,0
DA:114,0
DA:116,0
DA:117,0
DA:122,0
DA:123,0
DA:124,0
DA:126,0
DA:134,0
DA:135,0
DA:138,0
DA:140,0
DA:145,0
DA:146,0
DA:147,0
DA:149,0
DA:154,0
DA:155,0
DA:156,0
DA:166,0
DA:174,0
DA:175,0
DA:176,0
DA:186,0
DA:193,0
DA:196,0
DA:199,0
DA:202,0
DA:204,0
DA:214,0
DA:218,0
DA:220,0
DA:224,0
DA:227,0
DA:231,0
DA:232,0
DA:234,0
DA:239,0
DA:240,0
DA:242,0
DA:247,0
DA:248,0
DA:249,0
DA:251,0
DA:256,0
DA:257,0
DA:258,0
DA:260,0
DA:267,0
DA:270,0
DA:273,0
DA:282,0
DA:291,0
DA:292,0
DA:294,0
DA:295,0
DA:299,0
DA:300,0
DA:301,0
DA:302,0
DA:305,0
DA:315,0
DA:321,0
DA:322,0
DA:324,0
DA:327,0
DA:328,0
DA:329,0
DA:331,0
DA:332,0
DA:336,0
DA:338,0
DA:339,0
DA:343,0
DA:349,0
DA:355,0
DA:357,0
DA:364,0
DA:368,0
DA:369,0
DA:372,0
DA:374,0
DA:375,0
DA:376,0
DA:379,0
DA:385,0
DA:392,0
DA:401,0
DA:404,0
DA:413,0
DA:417,0
DA:424,0
DA:429,0
DA:431,0
DA:432,0
DA:434,0
DA:435,0
DA:436,0
DA:439,0
DA:441,0
DA:444,0
DA:446,0
DA:447,0
DA:451,0
DA:457,0
DA:458,0
DA:459,0
DA:461,0
DA:462,0
DA:463,0
DA:467,0
DA:468,0
DA:472,0
DA:475,0
DA:478,0
DA:482,0
DA:483,0
DA:485,0
DA:495,0
DA:506,0
DA:516,0
DA:517,0
DA:522,0
DA:528,0
DA:542,0
DA:543,0
DA:545,0
DA:546,0
DA:548,0
DA:552,0
DA:553,0
DA:554,0
DA:556,0
DA:564,0
DA:566,0
DA:571,0
DA:573,0
DA:575,0
DA:586,0
DA:588,0
LF:176
LH:11
BRDA:32,0,0,0
BRDA:32,0,1,0
BRDA:35,1,0,0
BRDA:35,1,1,0
BRDA:35,2,0,0
BRDA:35,2,1,0
BRDA:36,3,0,0
BRDA:36,3,1,0
BRDA:36,4,0,0
BRDA:36,4,1,0
BRDA:49,5,0,0
BRDA:49,5,1,0
BRDA:49,6,0,0
BRDA:49,6,1,0
BRDA:50,7,0,0
BRDA:50,7,1,0
BRDA:50,8,0,0
BRDA:50,8,1,0
BRDA:51,9,0,0
BRDA:51,9,1,0
BRDA:51,10,0,0
BRDA:51,10,1,0
BRDA:52,11,0,0
BRDA:52,11,1,0
BRDA:52,12,0,0
BRDA:52,12,1,0
BRDA:66,13,0,0
BRDA:66,13,1,0
BRDA:66,14,0,0
BRDA:66,14,1,0
BRDA:104,15,0,0
BRDA:104,15,1,0
BRDA:104,16,0,0
BRDA:104,16,1,0
BRDA:105,17,0,0
BRDA:105,17,1,0
BRDA:108,18,0,0
BRDA:108,18,1,0
BRDA:108,19,0,0
BRDA:108,19,1,0
BRDA:138,20,0,0
BRDA:138,20,1,0
BRDA:160,21,0,0
BRDA:160,21,1,0
BRDA:160,22,0,0
BRDA:160,22,1,0
BRDA:161,23,0,0
BRDA:161,23,1,0
BRDA:161,24,0,0
BRDA:161,24,1,0
BRDA:162,25,0,0
BRDA:162,25,1,0
BRDA:162,26,0,0
BRDA:162,26,1,0
BRDA:163,27,0,0
BRDA:163,27,1,0
BRDA:163,28,0,0
BRDA:163,28,1,0
BRDA:178,29,0,0
BRDA:178,29,1,0
BRDA:178,30,0,0
BRDA:178,30,1,0
BRDA:178,31,0,0
BRDA:178,31,1,0
BRDA:178,32,0,0
BRDA:178,32,1,0
BRDA:179,33,0,0
BRDA:179,33,1,0
BRDA:179,34,0,0
BRDA:179,34,1,0
BRDA:179,35,0,0
BRDA:179,35,1,0
BRDA:179,36,0,0
BRDA:179,36,1,0
BRDA:180,37,0,0
BRDA:180,37,1,0
BRDA:180,38,0,0
BRDA:180,38,1,0
BRDA:180,39,0,0
BRDA:180,39,1,0
BRDA:180,40,0,0
BRDA:180,40,1,0
BRDA:181,41,0,0
BRDA:181,41,1,0
BRDA:181,42,0,0
BRDA:181,42,1,0
BRDA:182,43,0,0
BRDA:182,43,1,0
BRDA:182,44,0,0
BRDA:182,44,1,0
BRDA:183,45,0,0
BRDA:183,45,1,0
BRDA:183,46,0,0
BRDA:183,46,1,0
BRDA:251,47,0,0
BRDA:251,47,1,0
BRDA:251,48,0,0
BRDA:251,48,1,0
BRDA:253,49,0,0
BRDA:254,50,0,0
BRDA:255,51,0,0
BRDA:273,52,0,0
BRDA:273,52,1,0
BRDA:273,52,2,0
BRDA:273,52,3,0
BRDA:273,52,4,0
BRDA:273,52,5,0
BRDA:291,53,0,0
BRDA:291,53,1,0
BRDA:291,54,0,0
BRDA:291,54,1,0
BRDA:294,55,0,0
BRDA:294,55,1,0
BRDA:300,56,0,0
BRDA:300,56,1,0
BRDA:300,57,0,0
BRDA:300,57,1,0
BRDA:300,57,2,0
BRDA:311,58,0,0
BRDA:311,58,1,0
BRDA:311,59,0,0
BRDA:311,59,1,0
BRDA:328,60,0,0
BRDA:328,60,1,0
BRDA:328,61,0,0
BRDA:328,61,1,0
BRDA:329,62,0,0
BRDA:329,62,1,0
BRDA:372,63,0,0
BRDA:372,63,1,0
BRDA:372,64,0,0
BRDA:372,64,1,0
BRDA:375,65,0,0
BRDA:375,65,1,0
BRDA:375,66,0,0
BRDA:375,66,1,0
BRDA:381,67,0,0
BRDA:381,67,1,0
BRDA:387,68,0,0
BRDA:387,68,1,0
BRDA:404,69,0,0
BRDA:404,69,1,0
BRDA:404,69,2,0
BRDA:404,69,3,0
BRDA:404,69,4,0
BRDA:404,69,5,0
BRDA:413,70,0,0
BRDA:413,70,1,0
BRDA:434,71,0,0
BRDA:434,71,1,0
BRDA:434,72,0,0
BRDA:434,72,1,0
BRDA:446,73,0,0
BRDA:446,73,1,0
BRDA:458,74,0,0
BRDA:458,74,1,0
BRDA:461,75,0,0
BRDA:461,75,1,0
BRDA:461,76,0,0
BRDA:461,76,1,0
BRDA:468,77,0,0
BRDA:468,77,1,0
BRDA:468,78,0,0
BRDA:468,78,1,0
BRDA:472,79,0,0
BRDA:472,79,1,0
BRDA:472,79,2,0
BRDA:475,80,0,0
BRDA:475,80,1,0
BRDA:478,81,0,0
BRDA:478,81,1,0
BRDA:511,82,0,0
BRDA:511,82,1,0
BRDA:511,83,0,0
BRDA:511,83,1,0
BRDA:512,84,0,0
BRDA:512,84,1,0
BRDA:512,85,0,0
BRDA:512,85,1,0
BRDA:513,86,0,0
BRDA:513,86,1,0
BRDA:513,87,0,0
BRDA:513,87,1,0
BRDA:513,88,0,0
BRDA:513,88,1,0
BRDA:513,89,0,0
BRDA:513,89,1,0
BRDA:525,90,0,0
BRDA:525,90,1,0
BRDA:525,91,0,0
BRDA:525,91,1,0
BRDA:526,92,0,0
BRDA:526,92,1,0
BRDA:526,93,0,0
BRDA:526,93,1,0
BRDA:528,94,0,0
BRDA:528,94,1,0
BRDA:528,95,0,0
BRDA:528,95,1,0
BRDA:530,96,0,0
BRDA:530,96,1,0
BRDA:530,97,0,0
BRDA:530,97,1,0
BRDA:545,98,0,0
BRDA:545,98,1,0
BRDA:545,99,0,0
BRDA:545,99,1,0
BRDA:579,100,0,0
BRDA:579,100,1,0
BRDA:580,101,0,0
BRDA:580,101,1,0
BRDA:580,102,0,0
BRDA:580,102,1,0
BRDA:580,103,0,0
BRDA:580,103,1,0
BRDA:580,104,0,0
BRDA:580,104,1,0
BRDA:580,105,0,0
BRDA:580,105,1,0
BRDA:580,106,0,0
BRDA:580,106,1,0
BRDA:582,107,0,0
BRDA:582,107,1,0
BRDA:582,108,0,0
BRDA:582,108,1,0
BRF:225
BRH:0
end_of_record
TN:
SF:src\utils\avaliacaoMedidas.ts
FN:8,processarMedidas
FN:38,generoToNumber
FN:42,log10
FN:47,(anonymous_3)
FN:75,(anonymous_4)
FN:97,(anonymous_5)
FN:103,calcularIndicesMedidas
FN:203,classificarIMC
FN:214,classificarRCQ
FN:231,classificarCA
FN:245,classificarPercentualGC
FN:269,(anonymous_11)
FN:283,calculateFaulkner
FN:304,calculatePollock
FN:328,calculateGuedes
FNF:15
FNH:10
FNDA:5,processarMedidas
FNDA:30,generoToNumber
FNDA:0,log10
FNDA:6,(anonymous_3)
FNDA:10,(anonymous_4)
FNDA:27,(anonymous_5)
FNDA:20,calcularIndicesMedidas
FNDA:20,classificarIMC
FNDA:0,classificarRCQ
FNDA:0,classificarCA
FNDA:0,classificarPercentualGC
FNDA:0,(anonymous_11)
FNDA:3,calculateFaulkner
FNDA:3,calculatePollock
FNDA:3,calculateGuedes
DA:1,6
DA:2,6
DA:3,6
DA:5,6
DA:8,6
DA:9,5
DA:10,5
DA:38,6
DA:39,30
DA:43,0
DA:47,6
DA:54,6
DA:55,6
DA:56,4
DA:64,2
DA:75,6
DA:80,10
DA:96,10
DA:97,27
DA:99,10
DA:103,6
DA:104,20
DA:105,20
DA:106,20
DA:110,20
DA:113,20
DA:114,20
DA:116,20
DA:117,6
DA:118,6
DA:127,6
DA:128,0
DA:130,6
DA:136,0
DA:137,0
DA:142,20
DA:143,20
DA:144,13
DA:152,20
DA:155,20
DA:156,20
DA:157,20
DA:158,20
DA:159,20
DA:160,20
DA:162,20
DA:163,3
DA:164,3
DA:165,3
DA:168,3
DA:169,3
DA:170,1
DA:172,3
DA:173,3
DA:175,3
DA:176,0
DA:180,20
DA:204,20
DA:205,19
DA:206,1
DA:207,1
DA:208,1
DA:209,1
DA:215,0
DA:216,0
DA:218,0
DA:219,0
DA:220,0
DA:223,0
DA:224,0
DA:225,0
DA:231,6
DA:232,0
DA:233,0
DA:234,0
DA:235,0
DA:237,0
DA:238,0
DA:239,0
DA:250,0
DA:251,0
DA:253,0
DA:260,0
DA:267,0
DA:269,0
DA:270,0
DA:271,0
DA:272,0
DA:273,0
DA:274,0
DA:283,6
DA:284,3
DA:286,3
DA:287,2
DA:290,1
DA:292,1
DA:293,1
DA:295,0
DA:304,6
DA:305,3
DA:307,3
DA:308,3
DA:309,0
DA:311,3
DA:312,3
DA:313,3
DA:315,0
DA:316,0
DA:318,0
DA:319,0
DA:320,0
DA:328,6
DA:329,3
DA:331,3
DA:332,3
DA:335,0
DA:337,0
DA:338,0
DA:340,0
LF:119
LH:77
BRDA:39,0,0,23
BRDA:39,0,1,7
BRDA:55,1,0,4
BRDA:55,1,1,2
BRDA:80,2,0,8
BRDA:80,2,1,2
BRDA:97,3,0,27
BRDA:97,3,1,27
BRDA:99,4,0,10
BRDA:99,4,1,0
BRDA:116,5,0,6
BRDA:116,5,1,14
BRDA:116,6,0,20
BRDA:116,6,1,6
BRDA:116,6,2,6
BRDA:127,7,0,0
BRDA:127,7,1,6
BRDA:127,8,0,6
BRDA:127,8,1,6
BRDA:143,9,0,13
BRDA:143,9,1,7
BRDA:143,10,0,20
BRDA:143,10,1,19
BRDA:152,11,0,0
BRDA:152,11,1,20
BRDA:162,12,0,3
BRDA:162,12,1,17
BRDA:169,13,0,1
BRDA:169,13,1,2
BRDA:172,14,0,3
BRDA:172,14,1,0
BRDA:175,15,0,0
BRDA:175,15,1,3
BRDA:184,16,0,13
BRDA:184,16,1,7
BRDA:185,17,0,13
BRDA:185,17,1,7
BRDA:186,18,0,13
BRDA:186,18,1,7
BRDA:188,19,0,0
BRDA:188,19,1,20
BRDA:204,20,0,1
BRDA:204,20,1,19
BRDA:205,21,0,18
BRDA:205,21,1,1
BRDA:206,22,0,0
BRDA:206,22,1,1
BRDA:207,23,0,0
BRDA:207,23,1,1
BRDA:208,24,0,0
BRDA:208,24,1,1
BRDA:216,25,0,0
BRDA:216,25,1,0
BRDA:218,26,0,0
BRDA:218,26,1,0
BRDA:219,27,0,0
BRDA:219,27,1,0
BRDA:223,28,0,0
BRDA:223,28,1,0
BRDA:224,29,0,0
BRDA:224,29,1,0
BRDA:232,30,0,0
BRDA:232,30,1,0
BRDA:233,31,0,0
BRDA:233,31,1,0
BRDA:234,32,0,0
BRDA:234,32,1,0
BRDA:234,33,0,0
BRDA:234,33,1,0
BRDA:237,34,0,0
BRDA:237,34,1,0
BRDA:238,35,0,0
BRDA:238,35,1,0
BRDA:238,36,0,0
BRDA:238,36,1,0
BRDA:250,37,0,0
BRDA:250,37,1,0
BRDA:267,38,0,0
BRDA:267,38,1,0
BRDA:269,39,0,0
BRDA:269,39,1,0
BRDA:271,40,0,0
BRDA:271,40,1,0
BRDA:272,41,0,0
BRDA:272,41,1,0
BRDA:273,42,0,0
BRDA:273,42,1,0
BRDA:286,43,0,2
BRDA:286,43,1,1
BRDA:286,44,0,3
BRDA:286,44,1,3
BRDA:286,44,2,3
BRDA:286,44,3,3
BRDA:292,45,0,1
BRDA:292,45,1,0
BRDA:307,46,0,3
BRDA:307,46,1,0
BRDA:308,47,0,0
BRDA:308,47,1,3
BRDA:308,48,0,3
BRDA:308,48,1,3
BRDA:308,48,2,3
BRDA:315,49,0,0
BRDA:315,49,1,0
BRDA:315,50,0,0
BRDA:315,50,1,0
BRDA:315,50,2,0
BRDA:331,51,0,3
BRDA:331,51,1,0
BRDA:331,52,0,3
BRDA:331,52,1,3
BRDA:331,52,2,3
BRDA:331,52,3,3
BRDA:337,53,0,0
BRDA:337,53,1,0
BRF:115
BRH:59
end_of_record
TN:
SF:src\utils\avaliacaoProcessor.ts
FN:35,calcularPercentualGorduraMarinha
FN:64,classificarPercentualGordura
FN:82,classificarObjetivoAnamnese
FN:179,(anonymous_3)
FN:180,(anonymous_4)
FNF:5
FNH:0
FNDA:0,calcularPercentualGorduraMarinha
FNDA:0,classificarPercentualGordura
FNDA:0,classificarObjetivoAnamnese
FNDA:0,(anonymous_3)
FNDA:0,(anonymous_4)
DA:49,0
DA:50,0
DA:56,0
DA:69,0
DA:70,0
DA:71,0
DA:72,0
DA:73,0
DA:75,0
DA:76,0
DA:77,0
DA:78,0
DA:82,1
DA:85,0
DA:92,0
DA:93,0
DA:95,0
DA:98,0
DA:99,0
DA:101,0
DA:104,0
DA:105,0
DA:109,0
DA:110,0
DA:112,0
DA:113,0
DA:115,0
DA:116,0
DA:118,0
DA:119,0
DA:121,0
DA:122,0
DA:127,0
DA:129,0
DA:130,0
DA:132,0
DA:133,0
DA:135,0
DA:136,0
DA:140,0
DA:141,0
DA:142,0
DA:143,0
DA:145,0
DA:148,0
DA:150,0
DA:151,0
DA:153,0
DA:154,0
DA:156,0
DA:157,0
DA:161,0
DA:168,0
DA:173,0
DA:174,0
DA:177,0
DA:178,0
DA:179,0
DA:180,0
DA:183,0
DA:184,0
DA:186,0
DA:188,0
DA:190,0
DA:194,0
LF:65
LH:1
BRDA:49,0,0,0
BRDA:49,0,1,0
BRDA:69,1,0,0
BRDA:69,1,1,0
BRDA:70,2,0,0
BRDA:70,2,1,0
BRDA:71,3,0,0
BRDA:71,3,1,0
BRDA:72,4,0,0
BRDA:72,4,1,0
BRDA:75,5,0,0
BRDA:75,5,1,0
BRDA:76,6,0,0
BRDA:76,6,1,0
BRDA:77,7,0,0
BRDA:77,7,1,0
BRDA:92,8,0,0
BRDA:92,8,1,0
BRDA:98,9,0,0
BRDA:98,9,1,0
BRDA:104,10,0,0
BRDA:104,10,1,0
BRDA:109,11,0,0
BRDA:109,11,1,0
BRDA:113,12,0,0
BRDA:113,12,1,0
BRDA:113,12,2,0
BRDA:127,13,0,0
BRDA:127,13,1,0
BRDA:127,13,2,0
BRDA:140,14,0,0
BRDA:140,14,1,0
BRDA:142,15,0,0
BRDA:142,15,1,0
BRDA:148,16,0,0
BRDA:148,16,1,0
BRDA:148,16,2,0
BRDA:162,17,0,0
BRDA:162,17,1,0
BRDA:162,18,0,0
BRDA:162,18,1,0
BRDA:163,19,0,0
BRDA:163,19,1,0
BRDA:163,20,0,0
BRDA:163,20,1,0
BRDA:164,21,0,0
BRDA:164,21,1,0
BRDA:164,22,0,0
BRDA:164,22,1,0
BRDA:165,23,0,0
BRDA:165,23,1,0
BRDA:165,24,0,0
BRDA:165,24,1,0
BRDA:166,25,0,0
BRDA:166,25,1,0
BRDA:166,26,0,0
BRDA:166,26,1,0
BRDA:170,27,0,0
BRDA:170,27,1,0
BRDA:170,28,0,0
BRDA:170,28,1,0
BRDA:183,29,0,0
BRDA:183,29,1,0
BRDA:184,30,0,0
BRDA:184,30,1,0
BRDA:184,30,2,0
BRF:66
BRH:0
end_of_record
TN:
SF:src\utils\conversorMedidas.ts
FN:20,converterMedidasJson
FNF:1
FNH:1
FNDA:5,converterMedidasJson
DA:3,6
DA:20,6
DA:21,5
LF:3
LH:3
BRDA:29,0,0,3
BRDA:29,0,1,2
BRDA:33,1,0,0
BRDA:33,1,1,5
BRF:4
BRH:3
end_of_record
TN:
SF:src\utils\genero-converter.ts
FN:11,isSexoValido
FN:40,converterSexoParaGenero
FN:63,generoParaString
FN:73,generoParaNumero
FN:83,generoParaLetra
FNF:5
FNH:5
FNDA:15,isSexoValido
FNDA:57,converterSexoParaGenero
FNDA:25,generoParaString
FNDA:10,generoParaNumero
FNDA:10,generoParaLetra
DA:1,7
DA:11,7
DA:12,15
DA:40,7
DA:42,57
DA:45,57
DA:50,28
DA:54,29
DA:63,7
DA:64,25
DA:73,7
DA:74,10
DA:83,7
DA:84,10
LF:14
LH:14
BRDA:13,0,0,15
BRDA:13,0,1,14
BRDA:13,0,2,13
BRDA:13,0,3,12
BRDA:13,0,4,11
BRDA:13,0,5,10
BRDA:13,0,6,9
BRDA:13,0,7,8
BRDA:45,1,0,28
BRDA:45,1,1,29
BRDA:46,2,0,57
BRDA:46,2,1,44
BRDA:46,2,2,38
BRDA:64,3,0,16
BRDA:64,3,1,9
BRDA:74,4,0,5
BRDA:74,4,1,5
BRDA:84,5,0,5
BRDA:84,5,1,5
BRF:19
BRH:19
end_of_record
TN:
SF:src\utils\http-helper.ts
FN:4,(anonymous_0)
FN:9,(anonymous_1)
FN:14,(anonymous_2)
FN:19,(anonymous_3)
FN:24,(anonymous_4)
FN:29,(anonymous_5)
FNF:6
FNH:0
FNDA:0,(anonymous_0)
FNDA:0,(anonymous_1)
FNDA:0,(anonymous_2)
FNDA:0,(anonymous_3)
FNDA:0,(anonymous_4)
FNDA:0,(anonymous_5)
DA:4,0
DA:9,0
DA:14,0
DA:19,0
DA:24,0
DA:29,0
DA:32,0
LF:7
LH:0
BRDA:19,0,0,0
BRDA:24,1,0,0
BRDA:30,2,0,0
BRF:3
BRH:0
end_of_record
TN:
SF:src\utils\idade.ts
FN:10,calcularIdade
FN:32,calcularIdadeOpcional
FN:54,isAvaliacaoVencida
FN:73,calcularDataValidade
FN:85,formatarDataValidade
FNF:5
FNH:1
FNDA:5,calcularIdade
FNDA:0,calcularIdadeOpcional
FNDA:0,isAvaliacaoVencida
FNDA:0,calcularDataValidade
FNDA:0,formatarDataValidade
DA:10,1
DA:11,5
DA:13,5
DA:14,5
DA:16,5
DA:17,5
DA:18,5
DA:20,5
DA:21,1
DA:24,5
DA:32,1
DA:33,0
DA:35,0
DA:36,0
DA:38,0
DA:39,0
DA:40,0
DA:42,0
DA:43,0
DA:46,0
DA:54,1
DA:55,0
DA:57,0
DA:58,0
DA:60,0
DA:61,0
DA:62,0
DA:64,0
DA:73,1
DA:74,0
DA:75,0
DA:76,0
DA:77,0
DA:85,1
DA:86,0
DA:88,0
DA:89,0
DA:91,0
LF:38
LH:14
BRDA:11,0,0,0
BRDA:11,0,1,5
BRDA:14,1,0,0
BRDA:14,1,1,5
BRDA:20,2,0,1
BRDA:20,2,1,4
BRDA:20,3,0,5
BRDA:20,3,1,4
BRDA:20,3,2,3
BRDA:24,4,0,5
BRDA:24,4,1,0
BRDA:33,5,0,0
BRDA:33,5,1,0
BRDA:36,6,0,0
BRDA:36,6,1,0
BRDA:42,7,0,0
BRDA:42,7,1,0
BRDA:42,8,0,0
BRDA:42,8,1,0
BRDA:42,8,2,0
BRDA:46,9,0,0
BRDA:46,9,1,0
BRDA:55,10,0,0
BRDA:55,10,1,0
BRDA:58,11,0,0
BRDA:58,11,1,0
BRDA:73,12,0,0
BRDA:74,13,0,0
BRDA:74,13,1,0
BRDA:86,14,0,0
BRDA:86,14,1,0
BRDA:89,15,0,0
BRDA:89,15,1,0
BRF:33
BRH:8
end_of_record
TN:
SF:src\utils\messaging.ts
FN:20,publishToQueue
FNF:1
FNH:0
FNDA:0,publishToQueue
DA:2,0
DA:20,0
DA:24,0
DA:25,0
DA:26,0
DA:28,0
DA:29,0
DA:30,0
DA:31,0
DA:34,0
DA:35,0
LF:11
LH:0
BRDA:25,0,0,0
BRDA:25,0,1,0
BRF:2
BRH:0
end_of_record
TN:
SF:src\utils\teste-dobras-cutaneas.ts
FN:8,testarCalculosDobras
FNF:1
FNH:0
FNDA:0,testarCalculosDobras
DA:2,0
DA:3,0
DA:9,0
DA:12,0
DA:23,0
DA:33,0
DA:34,0
DA:36,0
DA:37,0
DA:38,0
DA:40,0
DA:41,0
DA:42,0
DA:44,0
DA:45,0
DA:47,0
DA:48,0
DA:49,0
DA:51,0
DA:52,0
DA:53,0
DA:56,0
DA:57,0
DA:63,0
DA:64,0
DA:68,0
DA:69,0
DA:72,0
LF:28
LH:0
BRDA:40,0,0,0
BRDA:40,0,1,0
BRDA:40,1,0,0
BRDA:40,1,1,0
BRDA:41,2,0,0
BRDA:41,2,1,0
BRDA:41,3,0,0
BRDA:41,3,1,0
BRDA:42,4,0,0
BRDA:42,4,1,0
BRDA:42,5,0,0
BRDA:42,5,1,0
BRDA:51,6,0,0
BRDA:51,6,1,0
BRDA:51,7,0,0
BRDA:51,7,1,0
BRDA:52,8,0,0
BRDA:52,8,1,0
BRDA:52,9,0,0
BRDA:52,9,1,0
BRDA:53,10,0,0
BRDA:53,10,1,0
BRDA:53,11,0,0
BRDA:53,11,1,0
BRDA:68,12,0,0
BRDA:68,12,1,0
BRF:26
BRH:0
end_of_record
TN:
SF:src\utils\teste-endpoint-completo.ts
FN:8,testarEndpointCompleto
FNF:1
FNH:0
FNDA:0,testarEndpointCompleto
DA:2,0
DA:3,0
DA:9,0
DA:11,0
DA:31,0
DA:32,0
DA:34,0
DA:36,0
DA:37,0
DA:38,0
DA:39,0
DA:41,0
DA:42,0
DA:43,0
DA:44,0
DA:46,0
DA:47,0
DA:49,0
DA:53,0
DA:54,0
DA:57,0
LF:21
LH:0
BRDA:38,0,0,0
BRDA:38,0,1,0
BRDA:38,1,0,0
BRDA:38,1,1,0
BRDA:42,2,0,0
BRDA:42,2,1,0
BRDA:42,3,0,0
BRDA:42,3,1,0
BRDA:42,4,0,0
BRDA:42,4,1,0
BRDA:42,5,0,0
BRDA:42,5,1,0
BRDA:42,6,0,0
BRDA:42,6,1,0
BRDA:43,7,0,0
BRDA:43,7,1,0
BRDA:43,8,0,0
BRDA:43,8,1,0
BRDA:43,9,0,0
BRDA:43,9,1,0
BRDA:43,10,0,0
BRDA:43,10,1,0
BRDA:43,11,0,0
BRDA:43,11,1,0
BRDA:44,12,0,0
BRDA:44,12,1,0
BRDA:44,13,0,0
BRDA:44,13,1,0
BRDA:44,14,0,0
BRDA:44,14,1,0
BRDA:44,15,0,0
BRDA:44,15,1,0
BRDA:44,16,0,0
BRDA:44,16,1,0
BRDA:47,17,0,0
BRDA:47,17,1,0
BRDA:47,18,0,0
BRDA:47,18,1,0
BRDA:53,19,0,0
BRDA:53,19,1,0
BRF:40
BRH:0
end_of_record
TN:
SF:src\utils\protocolos-dobras\faulkner.ts
FN:29,calcularFaulkner
FN:77,classificarGorduraFaulkner
FN:98,validarMedidasFaulkner
FNF:3
FNH:2
FNDA:6,calcularFaulkner
FNDA:5,classificarGorduraFaulkner
FNDA:0,validarMedidasFaulkner
DA:29,1
DA:34,6
DA:37,6
DA:41,1
DA:45,5
DA:50,5
DA:52,3
DA:55,2
DA:59,5
DA:60,5
DA:63,5
DA:65,5
DA:78,5
DA:79,3
DA:80,3
DA:81,3
DA:82,0
DA:83,0
DA:84,0
DA:86,2
DA:87,2
DA:88,1
DA:89,0
DA:90,0
DA:91,0
DA:98,1
DA:99,0
DA:101,0
LF:28
LH:20
BRDA:37,0,0,1
BRDA:37,0,1,5
BRDA:37,1,0,6
BRDA:37,1,1,5
BRDA:37,1,2,5
BRDA:37,1,3,5
BRDA:37,1,4,5
BRDA:37,1,5,5
BRDA:37,1,6,5
BRDA:37,1,7,5
BRDA:50,2,0,3
BRDA:50,2,1,2
BRDA:78,3,0,3
BRDA:78,3,1,2
BRDA:79,4,0,0
BRDA:79,4,1,3
BRDA:80,5,0,0
BRDA:80,5,1,3
BRDA:81,6,0,3
BRDA:81,6,1,0
BRDA:82,7,0,0
BRDA:82,7,1,0
BRDA:83,8,0,0
BRDA:83,8,1,0
BRDA:86,9,0,0
BRDA:86,9,1,2
BRDA:87,10,0,1
BRDA:87,10,1,1
BRDA:88,11,0,1
BRDA:88,11,1,0
BRDA:89,12,0,0
BRDA:89,12,1,0
BRDA:90,13,0,0
BRDA:90,13,1,0
BRDA:101,14,0,0
BRDA:101,14,1,0
BRDA:101,14,2,0
BRDA:101,14,3,0
BRDA:101,14,4,0
BRDA:101,14,5,0
BRDA:101,14,6,0
BRDA:101,14,7,0
BRF:42
BRH:21
end_of_record
TN:
SF:src\utils\protocolos-dobras\guedes.ts
FN:33,calcularGuedes
FN:43,(anonymous_1)
FN:92,classificarGorduraGuedes
FN:113,validarMedidasGuedes
FN:117,(anonymous_4)
FN:123,getPontosGuedes
FNF:6
FNH:3
FNDA:3,calcularGuedes
FNDA:21,(anonymous_1)
FNDA:2,classificarGorduraGuedes
FNDA:0,validarMedidasGuedes
FNDA:0,(anonymous_4)
FNDA:0,getPontosGuedes
DA:33,1
DA:39,3
DA:42,3
DA:43,21
DA:44,0
DA:48,3
DA:49,1
DA:53,2
DA:58,2
DA:60,2
DA:65,0
DA:71,2
DA:74,2
DA:75,2
DA:78,2
DA:80,2
DA:93,2
DA:94,2
DA:95,2
DA:96,0
DA:97,0
DA:98,0
DA:99,0
DA:101,0
DA:102,0
DA:103,0
DA:104,0
DA:105,0
DA:106,0
DA:113,1
DA:114,0
DA:116,0
DA:117,0
DA:123,1
DA:124,0
LF:35
LH:19
BRDA:43,0,0,0
BRDA:43,0,1,3
BRDA:43,1,0,21
BRDA:43,1,1,21
BRDA:48,2,0,1
BRDA:48,2,1,2
BRDA:48,3,0,3
BRDA:48,3,1,2
BRDA:58,4,0,2
BRDA:58,4,1,0
BRDA:93,5,0,2
BRDA:93,5,1,0
BRDA:94,6,0,0
BRDA:94,6,1,2
BRDA:95,7,0,2
BRDA:95,7,1,0
BRDA:96,8,0,0
BRDA:96,8,1,0
BRDA:97,9,0,0
BRDA:97,9,1,0
BRDA:98,10,0,0
BRDA:98,10,1,0
BRDA:101,11,0,0
BRDA:101,11,1,0
BRDA:102,12,0,0
BRDA:102,12,1,0
BRDA:103,13,0,0
BRDA:103,13,1,0
BRDA:104,14,0,0
BRDA:104,14,1,0
BRDA:105,15,0,0
BRDA:105,15,1,0
BRDA:117,16,0,0
BRDA:117,16,1,0
BRF:34
BRH:11
end_of_record
TN:
SF:src\utils\protocolos-dobras\index.ts
FN:10,(anonymous_0)
FN:11,(anonymous_1)
FN:21,(anonymous_2)
FN:22,(anonymous_3)
FN:23,(anonymous_4)
FN:24,(anonymous_5)
FN:25,(anonymous_6)
FN:26,(anonymous_7)
FN:27,(anonymous_8)
FN:34,(anonymous_9)
FN:35,(anonymous_10)
FN:115,getProtocoloPorId
FN:119,getProtocolosPorNumDobras
FN:121,(anonymous_13)
FN:125,getProtocolosRequeremIdade
FN:127,(anonymous_15)
FN:131,getProtocolosPorSexo
FN:135,(anonymous_17)
FN:136,(anonymous_18)
FN:137,(anonymous_19)
FNF:20
FNH:0
FNDA:0,(anonymous_0)
FNDA:0,(anonymous_1)
FNDA:0,(anonymous_2)
FNDA:0,(anonymous_3)
FNDA:0,(anonymous_4)
FNDA:0,(anonymous_5)
FNDA:0,(anonymous_6)
FNDA:0,(anonymous_7)
FNDA:0,(anonymous_8)
FNDA:0,(anonymous_9)
FNDA:0,(anonymous_10)
FNDA:0,getProtocoloPorId
FNDA:0,getProtocolosPorNumDobras
FNDA:0,(anonymous_13)
FNDA:0,getProtocolosRequeremIdade
FNDA:0,(anonymous_15)
FNDA:0,getProtocolosPorSexo
FNDA:0,(anonymous_17)
FNDA:0,(anonymous_18)
FNDA:0,(anonymous_19)
DA:7,0
DA:10,0
DA:11,0
DA:15,0
DA:21,0
DA:22,0
DA:23,0
DA:24,0
DA:25,0
DA:26,0
DA:27,0
DA:31,0
DA:34,0
DA:35,0
DA:57,0
DA:115,0
DA:116,0
DA:119,0
DA:120,0
DA:121,0
DA:125,0
DA:126,0
DA:127,0
DA:131,0
DA:132,0
DA:134,0
DA:135,0
DA:136,0
DA:137,0
LF:29
LH:0
BRF:0
BRH:0
end_of_record
TN:
SF:src\utils\protocolos-dobras\pollock.ts
FN:64,calcularPollock3
FN:138,calcularPollock7
FN:207,calcularPollock9
FN:270,classificarGorduraPollock
FN:291,validarMedidasPollock3Homens
FN:302,validarMedidasPollock3Mulheres
FN:313,validarMedidasPollock7
FN:328,validarMedidasPollock9
FNF:8
FNH:2
FNDA:0,calcularPollock3
FNDA:4,calcularPollock7
FNDA:0,calcularPollock9
FNDA:4,classificarGorduraPollock
FNDA:0,validarMedidasPollock3Homens
FNDA:0,validarMedidasPollock3Mulheres
FNDA:0,validarMedidasPollock7
FNDA:0,validarMedidasPollock9
DA:64,1
DA:71,0
DA:72,0
DA:78,0
DA:79,0
DA:82,0
DA:85,0
DA:88,0
DA:91,0
DA:93,0
DA:96,0
DA:99,0
DA:102,0
DA:105,0
DA:109,0
DA:112,0
DA:113,0
DA:116,0
DA:118,0
DA:138,1
DA:145,4
DA:146,0
DA:149,4
DA:152,4
DA:159,0
DA:163,4
DA:167,4
DA:169,4
DA:172,0
DA:176,4
DA:179,4
DA:180,4
DA:183,4
DA:185,4
DA:207,1
DA:213,0
DA:216,0
DA:225,0
DA:229,0
DA:232,0
DA:237,0
DA:239,0
DA:242,0
DA:246,0
DA:249,0
DA:250,0
DA:253,0
DA:255,0
DA:271,4
DA:272,4
DA:273,4
DA:274,4
DA:275,3
DA:276,0
DA:277,0
DA:279,0
DA:280,0
DA:281,0
DA:282,0
DA:283,0
DA:284,0
DA:291,1
DA:292,0
DA:294,0
DA:302,1
DA:303,0
DA:305,0
DA:313,1
DA:314,0
DA:316,0
DA:328,1
DA:329,0
DA:331,0
LF:73
LH:23
BRDA:71,0,0,0
BRDA:71,0,1,0
BRDA:71,1,0,0
BRDA:71,1,1,0
BRDA:78,2,0,0
BRDA:78,2,1,0
BRDA:82,3,0,0
BRDA:82,3,1,0
BRDA:82,4,0,0
BRDA:82,4,1,0
BRDA:82,4,2,0
BRDA:82,4,3,0
BRDA:82,4,4,0
BRDA:82,4,5,0
BRDA:96,5,0,0
BRDA:96,5,1,0
BRDA:96,6,0,0
BRDA:96,6,1,0
BRDA:96,6,2,0
BRDA:96,6,3,0
BRDA:96,6,4,0
BRDA:96,6,5,0
BRDA:145,7,0,0
BRDA:145,7,1,4
BRDA:145,8,0,4
BRDA:145,8,1,4
BRDA:152,9,0,0
BRDA:152,9,1,4
BRDA:152,10,0,4
BRDA:152,10,1,4
BRDA:152,10,2,4
BRDA:152,10,3,4
BRDA:152,10,4,4
BRDA:152,10,5,4
BRDA:152,10,6,4
BRDA:152,10,7,4
BRDA:152,10,8,4
BRDA:152,10,9,4
BRDA:152,10,10,4
BRDA:152,10,11,4
BRDA:152,10,12,4
BRDA:152,10,13,4
BRDA:167,11,0,4
BRDA:167,11,1,0
BRDA:216,12,0,0
BRDA:216,12,1,0
BRDA:216,13,0,0
BRDA:216,13,1,0
BRDA:216,13,2,0
BRDA:216,13,3,0
BRDA:216,13,4,0
BRDA:216,13,5,0
BRDA:216,13,6,0
BRDA:216,13,7,0
BRDA:216,13,8,0
BRDA:216,13,9,0
BRDA:216,13,10,0
BRDA:216,13,11,0
BRDA:216,13,12,0
BRDA:216,13,13,0
BRDA:216,13,14,0
BRDA:216,13,15,0
BRDA:216,13,16,0
BRDA:216,13,17,0
BRDA:237,14,0,0
BRDA:237,14,1,0
BRDA:271,15,0,4
BRDA:271,15,1,0
BRDA:272,16,0,0
BRDA:272,16,1,4
BRDA:273,17,0,0
BRDA:273,17,1,4
BRDA:274,18,0,1
BRDA:274,18,1,3
BRDA:275,19,0,3
BRDA:275,19,1,0
BRDA:276,20,0,0
BRDA:276,20,1,0
BRDA:279,21,0,0
BRDA:279,21,1,0
BRDA:280,22,0,0
BRDA:280,22,1,0
BRDA:281,23,0,0
BRDA:281,23,1,0
BRDA:282,24,0,0
BRDA:282,24,1,0
BRDA:283,25,0,0
BRDA:283,25,1,0
BRDA:294,26,0,0
BRDA:294,26,1,0
BRDA:294,26,2,0
BRDA:294,26,3,0
BRDA:294,26,4,0
BRDA:294,26,5,0
BRDA:305,27,0,0
BRDA:305,27,1,0
BRDA:305,27,2,0
BRDA:305,27,3,0
BRDA:305,27,4,0
BRDA:305,27,5,0
BRDA:316,28,0,0
BRDA:316,28,1,0
BRDA:316,28,2,0
BRDA:316,28,3,0
BRDA:316,28,4,0
BRDA:316,28,5,0
BRDA:316,28,6,0
BRDA:316,28,7,0
BRDA:316,28,8,0
BRDA:316,28,9,0
BRDA:316,28,10,0
BRDA:316,28,11,0
BRDA:316,28,12,0
BRDA:316,28,13,0
BRDA:331,29,0,0
BRDA:331,29,1,0
BRDA:331,29,2,0
BRDA:331,29,3,0
BRDA:331,29,4,0
BRDA:331,29,5,0
BRDA:331,29,6,0
BRDA:331,29,7,0
BRDA:331,29,8,0
BRDA:331,29,9,0
BRDA:331,29,10,0
BRDA:331,29,11,0
BRDA:331,29,12,0
BRDA:331,29,13,0
BRDA:331,29,14,0
BRDA:331,29,15,0
BRDA:331,29,16,0
BRDA:331,29,17,0
BRF:132
BRH:25
end_of_record
TN:
SF:src\validators\group.validator.ts
FN:20,(anonymous_0)
FN:21,(anonymous_1)
FNF:2
FNH:0
FNDA:0,(anonymous_0)
FNDA:0,(anonymous_1)
DA:1,1
DA:3,1
DA:16,1
DA:20,0
DA:21,0
LF:5
LH:3
BRF:0
BRH:0
end_of_record
TN:
SF:src\validators\user-profile.validator.ts
FN:15,handleCreateUserProfile
FN:51,createUserProfile
FNF:2
FNH:0
FNDA:0,handleCreateUserProfile
FNDA:0,createUserProfile
DA:1,1
DA:3,1
DA:5,1
DA:15,1
DA:16,0
DA:17,0
DA:18,0
DA:21,0
DA:24,0
DA:25,0
DA:29,0
DA:30,0
DA:38,0
DA:39,0
DA:41,0
DA:42,0
DA:46,0
DA:47,0
DA:51,1
LF:19
LH:5
BRDA:24,0,0,0
BRDA:24,0,1,0
BRDA:24,1,0,0
BRDA:24,1,1,0
BRDA:29,2,0,0
BRDA:29,2,1,0
BRDA:41,3,0,0
BRDA:41,3,1,0
BRF:8
BRH:0
end_of_record
